This file contains any messages produced by compilers while
running configure, to aid debugging if configure makes a mistake.

It was created by gtkdatabox configure 0.9.2.0, which was
generated by GNU Autoconf 2.69.  Invocation command line was

  $ ./configure --prefix=/home/luisvmf/Desktop/fft/python/gtkdatabox/install

## --------- ##
## Platform. ##
## --------- ##

hostname = bieka
uname -m = x86_64
uname -r = 4.15.0-66-generic
uname -s = Linux
uname -v = #75-Ubuntu SMP Tue Oct 1 05:24:09 UTC 2019

/usr/bin/uname -p = unknown
/bin/uname -X     = unknown

/bin/arch              = unknown
/usr/bin/arch -k       = unknown
/usr/convex/getsysinfo = unknown
/usr/bin/hostinfo      = unknown
/bin/machine           = unknown
/usr/bin/oslevel       = unknown
/bin/universe          = unknown

PATH: /opt/jre//bin
PATH: /home/luisvmf/.local/bin
PATH: /usr/local/sbin
PATH: /usr/local/bin
PATH: /usr/sbin
PATH: /usr/bin
PATH: /sbin
PATH: /bin
PATH: /usr/games
PATH: /usr/local/games


## ----------- ##
## Core tests. ##
## ----------- ##

configure:2254: checking for a BSD-compatible install
configure:2322: result: /usr/bin/install -c
configure:2333: checking whether build environment is sane
configure:2388: result: yes
configure:2539: checking for a thread-safe mkdir -p
configure:2578: result: /bin/mkdir -p
configure:2585: checking for gawk
configure:2601: found /usr/bin/gawk
configure:2612: result: gawk
configure:2623: checking whether make sets $(MAKE)
configure:2645: result: yes
configure:2674: checking whether make supports nested variables
configure:2691: result: yes
configure:2780: checking whether UID '1000' is supported by ustar format
configure:2783: result: yes
configure:2790: checking whether GID '1000' is supported by ustar format
configure:2793: result: yes
configure:2801: checking how to create a ustar tar archive
configure:2812: tar --version
tar (GNU tar) 1.29
Copyright (C) 2015 Free Software Foundation, Inc.
License GPLv3+: GNU GPL version 3 or later <http://gnu.org/licenses/gpl.html>.
This is free software: you are free to change and redistribute it.
There is NO WARRANTY, to the extent permitted by law.

Written by John Gilmore and Jay Fenlason.
configure:2815: $? = 0
configure:2855: tardir=conftest.dir && eval tar --format=ustar -chf - "$tardir" >conftest.tar
configure:2858: $? = 0
configure:2862: tar -xf - <conftest.tar
configure:2865: $? = 0
configure:2867: cat conftest.dir/file
GrepMe
configure:2870: $? = 0
configure:2883: result: gnutar
configure:2944: checking whether make supports nested variables
configure:2961: result: yes
configure:2977: checking build system type
configure:2991: result: x86_64-pc-linux-gnu
configure:3011: checking host system type
configure:3024: result: x86_64-pc-linux-gnu
configure:3393: checking how to print strings
configure:3420: result: printf
configure:3453: checking for style of include used by make
configure:3481: result: GNU
configure:3552: checking for gcc
configure:3568: found /usr/bin/gcc
configure:3579: result: gcc
configure:3808: checking for C compiler version
configure:3817: gcc --version >&5
gcc (Ubuntu 7.4.0-1ubuntu1~18.04.1) 7.4.0
Copyright (C) 2017 Free Software Foundation, Inc.
This is free software; see the source for copying conditions.  There is NO
warranty; not even for MERCHANTABILITY or FITNESS FOR A PARTICULAR PURPOSE.

configure:3828: $? = 0
configure:3817: gcc -v >&5
Using built-in specs.
COLLECT_GCC=gcc
COLLECT_LTO_WRAPPER=/usr/lib/gcc/x86_64-linux-gnu/7/lto-wrapper
OFFLOAD_TARGET_NAMES=nvptx-none
OFFLOAD_TARGET_DEFAULT=1
Target: x86_64-linux-gnu
Configured with: ../src/configure -v --with-pkgversion='Ubuntu 7.4.0-1ubuntu1~18.04.1' --with-bugurl=file:///usr/share/doc/gcc-7/README.Bugs --enable-languages=c,ada,c++,go,brig,d,fortran,objc,obj-c++ --prefix=/usr --with-gcc-major-version-only --program-suffix=-7 --program-prefix=x86_64-linux-gnu- --enable-shared --enable-linker-build-id --libexecdir=/usr/lib --without-included-gettext --enable-threads=posix --libdir=/usr/lib --enable-nls --with-sysroot=/ --enable-clocale=gnu --enable-libstdcxx-debug --enable-libstdcxx-time=yes --with-default-libstdcxx-abi=new --enable-gnu-unique-object --disable-vtable-verify --enable-libmpx --enable-plugin --enable-default-pie --with-system-zlib --with-target-system-zlib --enable-objc-gc=auto --enable-multiarch --disable-werror --with-arch-32=i686 --with-abi=m64 --with-multilib-list=m32,m64,mx32 --enable-multilib --with-tune=generic --enable-offload-targets=nvptx-none --without-cuda-driver --enable-checking=release --build=x86_64-linux-gnu --host=x86_64-linux-gnu --target=x86_64-linux-gnu
Thread model: posix
gcc version 7.4.0 (Ubuntu 7.4.0-1ubuntu1~18.04.1) 
configure:3828: $? = 0
configure:3817: gcc -V >&5
gcc: error: unrecognized command line option '-V'
gcc: fatal error: no input files
compilation terminated.
configure:3828: $? = 1
configure:3817: gcc -qversion >&5
gcc: error: unrecognized command line option '-qversion'; did you mean '--version'?
gcc: fatal error: no input files
compilation terminated.
configure:3828: $? = 1
configure:3848: checking whether the C compiler works
configure:3870: gcc    conftest.c  >&5
configure:3874: $? = 0
configure:3922: result: yes
configure:3925: checking for C compiler default output file name
configure:3927: result: a.out
configure:3933: checking for suffix of executables
configure:3940: gcc -o conftest    conftest.c  >&5
configure:3944: $? = 0
configure:3966: result: 
configure:3988: checking whether we are cross compiling
configure:3996: gcc -o conftest    conftest.c  >&5
configure:4000: $? = 0
configure:4007: ./conftest
configure:4011: $? = 0
configure:4026: result: no
configure:4031: checking for suffix of object files
configure:4053: gcc -c   conftest.c >&5
configure:4057: $? = 0
configure:4078: result: o
configure:4082: checking whether we are using the GNU C compiler
configure:4101: gcc -c   conftest.c >&5
configure:4101: $? = 0
configure:4110: result: yes
configure:4119: checking whether gcc accepts -g
configure:4139: gcc -c -g  conftest.c >&5
configure:4139: $? = 0
configure:4180: result: yes
configure:4197: checking for gcc option to accept ISO C89
configure:4260: gcc  -c -g -O2  conftest.c >&5
configure:4260: $? = 0
configure:4273: result: none needed
configure:4298: checking whether gcc understands -c and -o together
configure:4320: gcc -c conftest.c -o conftest2.o
configure:4323: $? = 0
configure:4320: gcc -c conftest.c -o conftest2.o
configure:4323: $? = 0
configure:4335: result: yes
configure:4354: checking dependency style of gcc
configure:4465: result: gcc3
configure:4480: checking for a sed that does not truncate output
configure:4544: result: /bin/sed
configure:4562: checking for grep that handles long lines and -e
configure:4620: result: /bin/grep
configure:4625: checking for egrep
configure:4687: result: /bin/grep -E
configure:4692: checking for fgrep
configure:4754: result: /bin/grep -F
configure:4789: checking for ld used by gcc
configure:4856: result: /usr/bin/ld
configure:4863: checking if the linker (/usr/bin/ld) is GNU ld
configure:4878: result: yes
configure:4890: checking for BSD- or MS-compatible name lister (nm)
configure:4944: result: /usr/bin/nm -B
configure:5074: checking the name lister (/usr/bin/nm -B) interface
configure:5081: gcc -c -g -O2  conftest.c >&5
configure:5084: /usr/bin/nm -B "conftest.o"
configure:5087: output
0000000000000000 B some_variable
configure:5094: result: BSD nm
configure:5097: checking whether ln -s works
configure:5101: result: yes
configure:5109: checking the maximum length of command line arguments
configure:5240: result: 1572864
configure:5288: checking how to convert x86_64-pc-linux-gnu file names to x86_64-pc-linux-gnu format
configure:5328: result: func_convert_file_noop
configure:5335: checking how to convert x86_64-pc-linux-gnu file names to toolchain format
configure:5355: result: func_convert_file_noop
configure:5362: checking for /usr/bin/ld option to reload object files
configure:5369: result: -r
configure:5443: checking for objdump
configure:5470: result: objdump
configure:5499: checking how to recognize dependent libraries
configure:5699: result: pass_all
configure:5784: checking for dlltool
configure:5811: result: dlltool
configure:5841: checking how to associate runtime and link libraries
configure:5868: result: printf %s\n
configure:5929: checking for ar
configure:5945: found /usr/bin/ar
configure:5956: result: ar
configure:5993: checking for archiver @FILE support
configure:6010: gcc -c -g -O2  conftest.c >&5
configure:6010: $? = 0
configure:6013: ar cru libconftest.a @conftest.lst >&5
ar: `u' modifier ignored since `D' is the default (see `U')
configure:6016: $? = 0
configure:6021: ar cru libconftest.a @conftest.lst >&5
ar: `u' modifier ignored since `D' is the default (see `U')
ar: conftest.o: No such file or directory
configure:6024: $? = 1
configure:6036: result: @
configure:6094: checking for strip
configure:6110: found /usr/bin/strip
configure:6121: result: strip
configure:6193: checking for ranlib
configure:6209: found /usr/bin/ranlib
configure:6220: result: ranlib
configure:6322: checking command to parse /usr/bin/nm -B output from gcc object
configure:6475: gcc -c -g -O2  conftest.c >&5
configure:6478: $? = 0
configure:6482: /usr/bin/nm -B conftest.o \| sed -n -e 's/^.*[ ]\([ABCDGIRSTW][ABCDGIRSTW]*\)[ ][ ]*\([_A-Za-z][_A-Za-z0-9]*\)$/\1 \2 \2/p' | sed '/ __gnu_lto/d' \> conftest.nm
configure:6485: $? = 0
configure:6551: gcc -o conftest -g -O2   conftest.c conftstm.o >&5
configure:6554: $? = 0
configure:6592: result: ok
configure:6639: checking for sysroot
configure:6669: result: no
configure:6676: checking for a working dd
configure:6714: result: /bin/dd
configure:6718: checking how to truncate binary pipes
configure:6733: result: /bin/dd bs=4096 count=1
configure:6869: gcc -c -g -O2  conftest.c >&5
configure:6872: $? = 0
configure:7062: checking for mt
configure:7078: found /bin/mt
configure:7089: result: mt
configure:7112: checking if mt is a manifest tool
configure:7118: mt '-?'
configure:7126: result: no
configure:7803: checking how to run the C preprocessor
configure:7834: gcc -E  conftest.c
configure:7834: $? = 0
configure:7848: gcc -E  conftest.c
conftest.c:11:10: fatal error: ac_nonexistent.h: No such file or directory
 #include <ac_nonexistent.h>
          ^~~~~~~~~~~~~~~~~~
compilation terminated.
configure:7848: $? = 1
configure: failed program was:
| /* confdefs.h */
| #define PACKAGE_NAME "gtkdatabox"
| #define PACKAGE_TARNAME "gtkdatabox"
| #define PACKAGE_VERSION "0.9.2.0"
| #define PACKAGE_STRING "gtkdatabox 0.9.2.0"
| #define PACKAGE_BUGREPORT ""
| #define PACKAGE_URL ""
| #define PACKAGE "gtkdatabox"
| #define VERSION "0.9.2.0"
| /* end confdefs.h.  */
| #include <ac_nonexistent.h>
configure:7873: result: gcc -E
configure:7893: gcc -E  conftest.c
configure:7893: $? = 0
configure:7907: gcc -E  conftest.c
conftest.c:11:10: fatal error: ac_nonexistent.h: No such file or directory
 #include <ac_nonexistent.h>
          ^~~~~~~~~~~~~~~~~~
compilation terminated.
configure:7907: $? = 1
configure: failed program was:
| /* confdefs.h */
| #define PACKAGE_NAME "gtkdatabox"
| #define PACKAGE_TARNAME "gtkdatabox"
| #define PACKAGE_VERSION "0.9.2.0"
| #define PACKAGE_STRING "gtkdatabox 0.9.2.0"
| #define PACKAGE_BUGREPORT ""
| #define PACKAGE_URL ""
| #define PACKAGE "gtkdatabox"
| #define VERSION "0.9.2.0"
| /* end confdefs.h.  */
| #include <ac_nonexistent.h>
configure:7936: checking for ANSI C header files
configure:7956: gcc -c -g -O2  conftest.c >&5
configure:7956: $? = 0
configure:8029: gcc -o conftest -g -O2   conftest.c  >&5
configure:8029: $? = 0
configure:8029: ./conftest
configure:8029: $? = 0
configure:8040: result: yes
configure:8053: checking for sys/types.h
configure:8053: gcc -c -g -O2  conftest.c >&5
configure:8053: $? = 0
configure:8053: result: yes
configure:8053: checking for sys/stat.h
configure:8053: gcc -c -g -O2  conftest.c >&5
configure:8053: $? = 0
configure:8053: result: yes
configure:8053: checking for stdlib.h
configure:8053: gcc -c -g -O2  conftest.c >&5
configure:8053: $? = 0
configure:8053: result: yes
configure:8053: checking for string.h
configure:8053: gcc -c -g -O2  conftest.c >&5
configure:8053: $? = 0
configure:8053: result: yes
configure:8053: checking for memory.h
configure:8053: gcc -c -g -O2  conftest.c >&5
configure:8053: $? = 0
configure:8053: result: yes
configure:8053: checking for strings.h
configure:8053: gcc -c -g -O2  conftest.c >&5
configure:8053: $? = 0
configure:8053: result: yes
configure:8053: checking for inttypes.h
configure:8053: gcc -c -g -O2  conftest.c >&5
configure:8053: $? = 0
configure:8053: result: yes
configure:8053: checking for stdint.h
configure:8053: gcc -c -g -O2  conftest.c >&5
configure:8053: $? = 0
configure:8053: result: yes
configure:8053: checking for unistd.h
configure:8053: gcc -c -g -O2  conftest.c >&5
configure:8053: $? = 0
configure:8053: result: yes
configure:8067: checking for dlfcn.h
configure:8067: gcc -c -g -O2  conftest.c >&5
configure:8067: $? = 0
configure:8067: result: yes
configure:8321: checking for objdir
configure:8336: result: .libs
configure:8596: checking if gcc supports -fno-rtti -fno-exceptions
configure:8614: gcc -c -g -O2  -fno-rtti -fno-exceptions conftest.c >&5
cc1: warning: command line option '-fno-rtti' is valid for C++/ObjC++ but not for C
configure:8618: $? = 0
configure:8631: result: no
configure:8989: checking for gcc option to produce PIC
configure:8996: result: -fPIC -DPIC
configure:9004: checking if gcc PIC flag -fPIC -DPIC works
configure:9022: gcc -c -g -O2  -fPIC -DPIC -DPIC conftest.c >&5
configure:9026: $? = 0
configure:9039: result: yes
configure:9068: checking if gcc static flag -static works
configure:9096: result: yes
configure:9111: checking if gcc supports -c -o file.o
configure:9132: gcc -c -g -O2  -o out/conftest2.o conftest.c >&5
configure:9136: $? = 0
configure:9158: result: yes
configure:9166: checking if gcc supports -c -o file.o
configure:9213: result: yes
configure:9246: checking whether the gcc linker (/usr/bin/ld -m elf_x86_64) supports shared libraries
configure:10509: result: yes
configure:10546: checking whether -lc should be explicitly linked in
configure:10554: gcc -c -g -O2  conftest.c >&5
configure:10557: $? = 0
configure:10572: gcc -shared  -fPIC -DPIC conftest.o  -v -Wl,-soname -Wl,conftest -o conftest 2\>\&1 \| /bin/grep  -lc  \>/dev/null 2\>\&1
configure:10575: $? = 0
configure:10589: result: no
configure:10749: checking dynamic linker characteristics
configure:11330: gcc -o conftest -g -O2   -Wl,-rpath -Wl,/foo conftest.c  >&5
configure:11330: $? = 0
configure:11579: result: GNU/Linux ld.so
configure:11701: checking how to hardcode library paths into programs
configure:11726: result: immediate
configure:12274: checking whether stripping libraries is possible
configure:12279: result: yes
configure:12314: checking if libtool supports shared libraries
configure:12316: result: yes
configure:12319: checking whether to build shared libraries
configure:12344: result: yes
configure:12347: checking whether to build static libraries
configure:12351: result: yes
configure:12389: checking for gcc option to accept ISO C99
configure:12538: gcc  -c -g -O2  conftest.c >&5
configure:12538: $? = 0
configure:12551: result: none needed
configure:12571: checking how to run the C preprocessor
configure:12641: result: gcc -E
configure:12661: gcc -E  conftest.c
configure:12661: $? = 0
configure:12675: gcc -E  conftest.c
conftest.c:23:10: fatal error: ac_nonexistent.h: No such file or directory
 #include <ac_nonexistent.h>
          ^~~~~~~~~~~~~~~~~~
compilation terminated.
configure:12675: $? = 1
configure: failed program was:
| /* confdefs.h */
| #define PACKAGE_NAME "gtkdatabox"
| #define PACKAGE_TARNAME "gtkdatabox"
| #define PACKAGE_VERSION "0.9.2.0"
| #define PACKAGE_STRING "gtkdatabox 0.9.2.0"
| #define PACKAGE_BUGREPORT ""
| #define PACKAGE_URL ""
| #define PACKAGE "gtkdatabox"
| #define VERSION "0.9.2.0"
| #define STDC_HEADERS 1
| #define HAVE_SYS_TYPES_H 1
| #define HAVE_SYS_STAT_H 1
| #define HAVE_STDLIB_H 1
| #define HAVE_STRING_H 1
| #define HAVE_MEMORY_H 1
| #define HAVE_STRINGS_H 1
| #define HAVE_INTTYPES_H 1
| #define HAVE_STDINT_H 1
| #define HAVE_UNISTD_H 1
| #define HAVE_DLFCN_H 1
| #define LT_OBJDIR ".libs/"
| /* end confdefs.h.  */
| #include <ac_nonexistent.h>
configure:12763: checking for pkg-config
configure:12781: found /usr/bin/pkg-config
configure:12793: result: /usr/bin/pkg-config
configure:12818: checking pkg-config is at least version 0.9.0
configure:12821: result: yes
configure:12831: checking for GTK
configure:12838: $PKG_CONFIG --exists --print-errors "gtk+-3.0 >= gtk_required_version"
configure:12841: $? = 0
configure:12855: $PKG_CONFIG --exists --print-errors "gtk+-3.0 >= gtk_required_version"
configure:12858: $? = 0
configure:12916: result: yes
configure:12922: checking for GTK
configure:13007: result: yes
configure:13013: checking for PANGO
configure:13020: $PKG_CONFIG --exists --print-errors "pango >= 1.16.0"
configure:13023: $? = 0
configure:13037: $PKG_CONFIG --exists --print-errors "pango >= 1.16.0"
configure:13040: $? = 0
configure:13098: result: yes
configure:13104: checking for CAIRO
configure:13111: $PKG_CONFIG --exists --print-errors "cairo >= 1.4.0"
configure:13114: $? = 0
configure:13128: $PKG_CONFIG --exists --print-errors "cairo >= 1.4.0"
configure:13131: $? = 0
configure:13189: result: yes
configure:13247: checking whether to build libglade support module
configure:13339: result: no
configure:13364: checking whether to build glade-3 support module
configure:13461: result: no
configure:13591: checking that generated files are newer than configure
configure:13597: result: done
configure:13628: creating ./config.status

## ---------------------- ##
## Running config.status. ##
## ---------------------- ##

This file was extended by gtkdatabox config.status 0.9.2.0, which was
generated by GNU Autoconf 2.69.  Invocation command line was

  CONFIG_FILES    = 
  CONFIG_HEADERS  = 
  CONFIG_LINKS    = 
  CONFIG_COMMANDS = 
  $ ./config.status 

on bieka

config.status:1122: creating Makefile
config.status:1122: creating gtk/Makefile
config.status:1122: creating glade/Makefile
config.status:1122: creating examples/Makefile
config.status:1122: creating gtkdatabox.pc
config.status:1122: creating gtkdatabox.spec
config.status:1122: creating config.h
config.status:1351: executing depfiles commands
config.status:1351: executing libtool commands
configure:15785: result:

	Install libglade-2.0 module:	no
	Install glade-3 module:         no


## ---------------- ##
## Cache variables. ##
## ---------------- ##

ac_cv_build=x86_64-pc-linux-gnu
ac_cv_c_compiler_gnu=yes
ac_cv_enable_glade=no
ac_cv_enable_libglade=no
ac_cv_env_CAIRO_CFLAGS_set=
ac_cv_env_CAIRO_CFLAGS_value=
ac_cv_env_CAIRO_LIBS_set=
ac_cv_env_CAIRO_LIBS_value=
ac_cv_env_CC_set=
ac_cv_env_CC_value=
ac_cv_env_CFLAGS_set=
ac_cv_env_CFLAGS_value=
ac_cv_env_CPPFLAGS_set=
ac_cv_env_CPPFLAGS_value=
ac_cv_env_CPP_set=
ac_cv_env_CPP_value=
ac_cv_env_GLADE3_CFLAGS_set=
ac_cv_env_GLADE3_CFLAGS_value=
ac_cv_env_GLADE3_LIBS_set=
ac_cv_env_GLADE3_LIBS_value=
ac_cv_env_GTK_CFLAGS_set=
ac_cv_env_GTK_CFLAGS_value=
ac_cv_env_GTK_LIBS_set=
ac_cv_env_GTK_LIBS_value=
ac_cv_env_LDFLAGS_set=
ac_cv_env_LDFLAGS_value=
ac_cv_env_LIBGLADE_CFLAGS_set=
ac_cv_env_LIBGLADE_CFLAGS_value=
ac_cv_env_LIBGLADE_LIBS_set=
ac_cv_env_LIBGLADE_LIBS_value=
ac_cv_env_LIBS_set=
ac_cv_env_LIBS_value=
ac_cv_env_LT_SYS_LIBRARY_PATH_set=
ac_cv_env_LT_SYS_LIBRARY_PATH_value=
ac_cv_env_PANGO_CFLAGS_set=
ac_cv_env_PANGO_CFLAGS_value=
ac_cv_env_PANGO_LIBS_set=
ac_cv_env_PANGO_LIBS_value=
ac_cv_env_PKG_CONFIG_LIBDIR_set=
ac_cv_env_PKG_CONFIG_LIBDIR_value=
ac_cv_env_PKG_CONFIG_PATH_set=
ac_cv_env_PKG_CONFIG_PATH_value=
ac_cv_env_PKG_CONFIG_set=
ac_cv_env_PKG_CONFIG_value=
ac_cv_env_build_alias_set=
ac_cv_env_build_alias_value=
ac_cv_env_host_alias_set=
ac_cv_env_host_alias_value=
ac_cv_env_target_alias_set=
ac_cv_env_target_alias_value=
ac_cv_header_dlfcn_h=yes
ac_cv_header_inttypes_h=yes
ac_cv_header_memory_h=yes
ac_cv_header_stdc=yes
ac_cv_header_stdint_h=yes
ac_cv_header_stdlib_h=yes
ac_cv_header_string_h=yes
ac_cv_header_strings_h=yes
ac_cv_header_sys_stat_h=yes
ac_cv_header_sys_types_h=yes
ac_cv_header_unistd_h=yes
ac_cv_host=x86_64-pc-linux-gnu
ac_cv_objext=o
ac_cv_path_EGREP='/bin/grep -E'
ac_cv_path_FGREP='/bin/grep -F'
ac_cv_path_GREP=/bin/grep
ac_cv_path_SED=/bin/sed
ac_cv_path_ac_pt_PKG_CONFIG=/usr/bin/pkg-config
ac_cv_path_install='/usr/bin/install -c'
ac_cv_path_lt_DD=/bin/dd
ac_cv_path_mkdir=/bin/mkdir
ac_cv_prog_AWK=gawk
ac_cv_prog_CPP='gcc -E'
ac_cv_prog_ac_ct_AR=ar
ac_cv_prog_ac_ct_CC=gcc
ac_cv_prog_ac_ct_DLLTOOL=dlltool
ac_cv_prog_ac_ct_MANIFEST_TOOL=mt
ac_cv_prog_ac_ct_OBJDUMP=objdump
ac_cv_prog_ac_ct_RANLIB=ranlib
ac_cv_prog_ac_ct_STRIP=strip
ac_cv_prog_cc_c89=
ac_cv_prog_cc_c99=
ac_cv_prog_cc_g=yes
ac_cv_prog_make_make_set=yes
am_cv_CC_dependencies_compiler_type=gcc3
am_cv_make_support_nested_variables=yes
am_cv_prog_cc_c_o=yes
am_cv_prog_tar_ustar=gnutar
lt_cv_ar_at_file=@
lt_cv_archive_cmds_need_lc=no
lt_cv_deplibs_check_method=pass_all
lt_cv_file_magic_cmd='$MAGIC_CMD'
lt_cv_file_magic_test_file=
lt_cv_ld_reload_flag=-r
lt_cv_nm_interface='BSD nm'
lt_cv_objdir=.libs
lt_cv_path_LD=/usr/bin/ld
lt_cv_path_NM='/usr/bin/nm -B'
lt_cv_path_mainfest_tool=no
lt_cv_prog_compiler_c_o=yes
lt_cv_prog_compiler_pic='-fPIC -DPIC'
lt_cv_prog_compiler_pic_works=yes
lt_cv_prog_compiler_rtti_exceptions=no
lt_cv_prog_compiler_static_works=yes
lt_cv_prog_gnu_ld=yes
lt_cv_sharedlib_from_linklib_cmd='printf %s\n'
lt_cv_shlibpath_overrides_runpath=yes
lt_cv_sys_global_symbol_pipe='sed -n -e '\''s/^.*[	 ]\([ABCDGIRSTW][ABCDGIRSTW]*\)[	 ][	 ]*\([_A-Za-z][_A-Za-z0-9]*\)$/\1 \2 \2/p'\'' | sed '\''/ __gnu_lto/d'\'''
lt_cv_sys_global_symbol_to_c_name_address='sed -n -e '\''s/^: \(.*\) .*$/  {"\1", (void *) 0},/p'\'' -e '\''s/^[ABCDGIRSTW][ABCDGIRSTW]* .* \(.*\)$/  {"\1", (void *) \&\1},/p'\'''
lt_cv_sys_global_symbol_to_c_name_address_lib_prefix='sed -n -e '\''s/^: \(.*\) .*$/  {"\1", (void *) 0},/p'\'' -e '\''s/^[ABCDGIRSTW][ABCDGIRSTW]* .* \(lib.*\)$/  {"\1", (void *) \&\1},/p'\'' -e '\''s/^[ABCDGIRSTW][ABCDGIRSTW]* .* \(.*\)$/  {"lib\1", (void *) \&\1},/p'\'''
lt_cv_sys_global_symbol_to_cdecl='sed -n -e '\''s/^T .* \(.*\)$/extern int \1();/p'\'' -e '\''s/^[ABCDGIRSTW][ABCDGIRSTW]* .* \(.*\)$/extern char \1;/p'\'''
lt_cv_sys_global_symbol_to_import=
lt_cv_sys_max_cmd_len=1572864
lt_cv_to_host_file_cmd=func_convert_file_noop
lt_cv_to_tool_file_cmd=func_convert_file_noop
lt_cv_truncate_bin='/bin/dd bs=4096 count=1'
pkg_cv_CAIRO_CFLAGS='-I/usr/include/cairo -I/usr/include/glib-2.0 -I/usr/lib/x86_64-linux-gnu/glib-2.0/include -I/usr/include/pixman-1 -I/usr/include/freetype2 -I/usr/include/libpng16 -I/usr/include/freetype2 -I/usr/include/libpng16'
pkg_cv_CAIRO_LIBS=-lcairo
pkg_cv_GTK_CFLAGS='-pthread -I/usr/include/gtk-3.0 -I/usr/include/at-spi2-atk/2.0 -I/usr/include/at-spi-2.0 -I/usr/include/dbus-1.0 -I/usr/lib/x86_64-linux-gnu/dbus-1.0/include -I/usr/include/gtk-3.0 -I/usr/include/gio-unix-2.0/ -I/usr/include/cairo -I/usr/include/pango-1.0 -I/usr/include/harfbuzz -I/usr/include/pango-1.0 -I/usr/include/atk-1.0 -I/usr/include/cairo -I/usr/include/pixman-1 -I/usr/include/freetype2 -I/usr/include/libpng16 -I/usr/include/freetype2 -I/usr/include/libpng16 -I/usr/include/gdk-pixbuf-2.0 -I/usr/include/libpng16 -I/usr/include/glib-2.0 -I/usr/lib/x86_64-linux-gnu/glib-2.0/include'
pkg_cv_GTK_LIBS='-lgtk-3 -lgdk-3 -lpangocairo-1.0 -lpango-1.0 -latk-1.0 -lcairo-gobject -lcairo -lgdk_pixbuf-2.0 -lgio-2.0 -lgobject-2.0 -lglib-2.0'
pkg_cv_PANGO_CFLAGS='-I/usr/include/pango-1.0 -I/usr/include/glib-2.0 -I/usr/lib/x86_64-linux-gnu/glib-2.0/include'
pkg_cv_PANGO_LIBS='-lpango-1.0 -lgobject-2.0 -lglib-2.0'

## ----------------- ##
## Output variables. ##
## ----------------- ##

ACLOCAL='${SHELL} /home/luisvmf/Desktop/fft/python/gtkdatabox/missing aclocal-1.15'
AMDEPBACKSLASH='\'
AMDEP_FALSE='#'
AMDEP_TRUE=''
AMTAR='$${TAR-tar}'
AM_BACKSLASH='\'
AM_DEFAULT_V='$(AM_DEFAULT_VERBOSITY)'
AM_DEFAULT_VERBOSITY='0'
AM_V='$(V)'
AR='ar'
AS='as'
AUTOCONF='${SHELL} /home/luisvmf/Desktop/fft/python/gtkdatabox/missing autoconf'
AUTOHEADER='${SHELL} /home/luisvmf/Desktop/fft/python/gtkdatabox/missing autoheader'
AUTOMAKE='${SHELL} /home/luisvmf/Desktop/fft/python/gtkdatabox/missing automake-1.15'
AWK='gawk'
BUILD_GLADE_FALSE=''
BUILD_GLADE_TRUE='#'
BUILD_LIBGLADE_FALSE=''
BUILD_LIBGLADE_TRUE='#'
CAIRO_CFLAGS='-I/usr/include/cairo -I/usr/include/glib-2.0 -I/usr/lib/x86_64-linux-gnu/glib-2.0/include -I/usr/include/pixman-1 -I/usr/include/freetype2 -I/usr/include/libpng16 -I/usr/include/freetype2 -I/usr/include/libpng16'
CAIRO_LIBS='-lcairo'
CAIRO_REQUIRED='1.4.0'
CC='gcc'
CCDEPMODE='depmode=gcc3'
CFLAGS='-g -O2'
CPP='gcc -E'
CPPFLAGS=''
CYGPATH_W='echo'
DATABOX_VERSION='0.9.2.0'
DEFS='-DHAVE_CONFIG_H'
DEPDIR='.deps'
DLLTOOL='dlltool'
DSYMUTIL=''
DUMPBIN=''
ECHO_C=''
ECHO_N='-n'
ECHO_T=''
EGREP='/bin/grep -E'
EXEEXT=''
FGREP='/bin/grep -F'
GLADE3_CFLAGS=''
GLADE3_LIBS=''
GREP='/bin/grep'
GTK_CFLAGS='-pthread -I/usr/include/gtk-3.0 -I/usr/include/at-spi2-atk/2.0 -I/usr/include/at-spi-2.0 -I/usr/include/dbus-1.0 -I/usr/lib/x86_64-linux-gnu/dbus-1.0/include -I/usr/include/gtk-3.0 -I/usr/include/gio-unix-2.0/ -I/usr/include/cairo -I/usr/include/pango-1.0 -I/usr/include/harfbuzz -I/usr/include/pango-1.0 -I/usr/include/atk-1.0 -I/usr/include/cairo -I/usr/include/pixman-1 -I/usr/include/freetype2 -I/usr/include/libpng16 -I/usr/include/freetype2 -I/usr/include/libpng16 -I/usr/include/gdk-pixbuf-2.0 -I/usr/include/libpng16 -I/usr/include/glib-2.0 -I/usr/lib/x86_64-linux-gnu/glib-2.0/include'
GTK_LIBS='-lgtk-3 -lgdk-3 -lpangocairo-1.0 -lpango-1.0 -latk-1.0 -lcairo-gobject -lcairo -lgdk_pixbuf-2.0 -lgio-2.0 -lgobject-2.0 -lglib-2.0'
GTK_REQUIRED='3.4.0'
INSTALL_DATA='${INSTALL} -m 644'
INSTALL_PROGRAM='${INSTALL}'
INSTALL_SCRIPT='${INSTALL}'
INSTALL_STRIP_PROGRAM='$(install_sh) -c -s'
LD='/usr/bin/ld -m elf_x86_64'
LDFLAGS=''
LIBGLADE_CFLAGS=''
LIBGLADE_LIBS=''
LIBOBJS=''
LIBS=''
LIBTOOL='$(SHELL) $(top_builddir)/libtool'
LIPO=''
LN_S='ln -s'
LTLIBOBJS=''
LT_CURRENT='0'
LT_RELEASE='0.9.2'
LT_SYS_LIBRARY_PATH=''
MAKEINFO='${SHELL} /home/luisvmf/Desktop/fft/python/gtkdatabox/missing makeinfo'
MANIFEST_TOOL=':'
MKDIR_P='/bin/mkdir -p'
NM='/usr/bin/nm -B'
NMEDIT=''
OBJDUMP='objdump'
OBJEXT='o'
OTOOL64=''
OTOOL=''
PACKAGE='gtkdatabox'
PACKAGE_BUGREPORT=''
PACKAGE_NAME='gtkdatabox'
PACKAGE_STRING='gtkdatabox 0.9.2.0'
PACKAGE_TARNAME='gtkdatabox'
PACKAGE_URL=''
PACKAGE_VERSION='0.9.2.0'
PANGO_CFLAGS='-I/usr/include/pango-1.0 -I/usr/include/glib-2.0 -I/usr/lib/x86_64-linux-gnu/glib-2.0/include'
PANGO_LIBS='-lpango-1.0 -lgobject-2.0 -lglib-2.0'
PANGO_REQUIRED='1.16.0'
PATH_SEPARATOR=':'
PKG_CONFIG='/usr/bin/pkg-config'
PKG_CONFIG_LIBDIR=''
PKG_CONFIG_PATH=''
RANLIB='ranlib'
SED='/bin/sed'
SET_MAKE=''
SHELL='/bin/bash'
STRIP='strip'
VERSION='0.9.2.0'
ac_ct_AR='ar'
ac_ct_CC='gcc'
ac_ct_DUMPBIN=''
am__EXEEXT_FALSE=''
am__EXEEXT_TRUE='#'
am__fastdepCC_FALSE='#'
am__fastdepCC_TRUE=''
am__include='include'
am__isrc=''
am__leading_dot='.'
am__nodep='_no'
am__quote=''
am__tar='tar --format=ustar -chf - "$$tardir"'
am__untar='tar -xf -'
bindir='${exec_prefix}/bin'
build='x86_64-pc-linux-gnu'
build_alias=''
build_cpu='x86_64'
build_os='linux-gnu'
build_vendor='pc'
datadir='${datarootdir}'
datarootdir='${prefix}/share'
docdir='${datarootdir}/doc/${PACKAGE_TARNAME}'
dvidir='${docdir}'
exec_prefix='${prefix}'
glade_catalogdir=''
glade_moduledir=''
host='x86_64-pc-linux-gnu'
host_alias=''
host_cpu='x86_64'
host_os='linux-gnu'
host_vendor='pc'
htmldir='${docdir}'
includedir='${prefix}/include'
infodir='${datarootdir}/info'
install_sh='${SHELL} /home/luisvmf/Desktop/fft/python/gtkdatabox/install-sh'
libdir='${exec_prefix}/lib'
libexecdir='${exec_prefix}/libexec'
libglade_moduledir=''
localedir='${datarootdir}/locale'
localstatedir='${prefix}/var'
mandir='${datarootdir}/man'
mkdir_p='$(MKDIR_P)'
oldincludedir='/usr/include'
pdfdir='${docdir}'
prefix='/home/luisvmf/Desktop/fft/python/gtkdatabox/install'
program_transform_name='s,x,x,'
psdir='${docdir}'
runstatedir='${localstatedir}/run'
sbindir='${exec_prefix}/sbin'
sharedstatedir='${prefix}/com'
sysconfdir='${prefix}/etc'
target_alias=''

## ----------- ##
## confdefs.h. ##
## ----------- ##

/* confdefs.h */
#define PACKAGE_NAME "gtkdatabox"
#define PACKAGE_TARNAME "gtkdatabox"
#define PACKAGE_VERSION "0.9.2.0"
#define PACKAGE_STRING "gtkdatabox 0.9.2.0"
#define PACKAGE_BUGREPORT ""
#define PACKAGE_URL ""
#define PACKAGE "gtkdatabox"
#define VERSION "0.9.2.0"
#define STDC_HEADERS 1
#define HAVE_SYS_TYPES_H 1
#define HAVE_SYS_STAT_H 1
#define HAVE_STDLIB_H 1
#define HAVE_STRING_H 1
#define HAVE_MEMORY_H 1
#define HAVE_STRINGS_H 1
#define HAVE_INTTYPES_H 1
#define HAVE_STDINT_H 1
#define HAVE_UNISTD_H 1
#define HAVE_DLFCN_H 1
#define LT_OBJDIR ".libs/"

configure: exit 0

## ---------------------- ##
## Running config.status. ##
## ---------------------- ##

This file was extended by gtkdatabox config.status 0.9.2.0, which was
generated by GNU Autoconf 2.69.  Invocation command line was

  CONFIG_FILES    = 
  CONFIG_HEADERS  = 
  CONFIG_LINKS    = 
  CONFIG_COMMANDS = 
  $ ./config.status config.h

on bieka

config.status:1122: creating config.h
config.status:1303: config.h is unchanged
